#
# There is insufficient memory for the Java Runtime Environment to continue.
# Native memory allocation (malloc) failed to allocate 32744 bytes for ChunkPool::allocate
# Possible reasons:
#   The system is out of physical RAM or swap space
#   In 32 bit mode, the process size limit was hit
# Possible solutions:
#   Reduce memory load on the system
#   Increase physical memory or swap space
#   Check if swap backing store is full
#   Use 64 bit Java on a 64 bit OS
#   Decrease Java heap size (-Xmx/-Xms)
#   Decrease number of Java threads
#   Decrease Java thread stack sizes (-Xss)
#   Set larger code cache with -XX:ReservedCodeCacheSize=
# This output file may be truncated or incomplete.
#
#  Out of Memory Error (allocation.cpp:273), pid=7280, tid=0x0000000000006014
#
# JRE version: Java(TM) SE Runtime Environment (8.0_131-b11) (build 1.8.0_131-b11)
# Java VM: Java HotSpot(TM) 64-Bit Server VM (25.131-b11 mixed mode windows-amd64 compressed oops)
# Failed to write core dump. Minidumps are not enabled by default on client versions of Windows
#

---------------  T H R E A D  ---------------

Current thread (0x000000001dfbf000):  JavaThread "C1 CompilerThread3" daemon [_thread_in_native, id=24596, stack(0x000000001ea70000,0x000000001eb70000)]

Stack: [0x000000001ea70000,0x000000001eb70000]
[error occurred during error reporting (printing stack bounds), id 0xc0000005]

Native frames: (J=compiled Java code, j=interpreted, Vv=VM code, C=native code)


Current CompileTask:
C1: 133804 4751   !   3       org.apache.tomcat.util.net.NioEndpoint$Poller::timeout (493 bytes)


---------------  P R O C E S S  ---------------

Java Threads: ( => current thread )
  0x0000000022468000 JavaThread "DestroyJavaVM" [_thread_blocked, id=39140, stack(0x00000000023d0000,0x00000000024d0000)]
  0x0000000022460800 JavaThread "http-nio-8080-AsyncTimeout" daemon [_thread_blocked, id=39160, stack(0x0000000028b20000,0x0000000028c20000)]
  0x0000000022466800 JavaThread "http-nio-8080-Acceptor-0" daemon [_thread_in_native, id=5264, stack(0x0000000028a20000,0x0000000028b20000)]
  0x0000000022465800 JavaThread "http-nio-8080-ClientPoller-1" daemon [_thread_in_native, id=38468, stack(0x0000000028920000,0x0000000028a20000)]
  0x0000000022462800 JavaThread "http-nio-8080-ClientPoller-0" daemon [_thread_in_native, id=28684, stack(0x00000000286a0000,0x00000000287a0000)]
  0x0000000022464000 JavaThread "http-nio-8080-exec-10" daemon [_thread_blocked, id=17984, stack(0x00000000285a0000,0x00000000286a0000)]
  0x0000000022465000 JavaThread "http-nio-8080-exec-9" daemon [_thread_blocked, id=20488, stack(0x00000000284a0000,0x00000000285a0000)]
  0x0000000022467000 JavaThread "http-nio-8080-exec-8" daemon [_thread_blocked, id=38004, stack(0x00000000283a0000,0x00000000284a0000)]
  0x0000000022461000 JavaThread "http-nio-8080-exec-7" daemon [_thread_blocked, id=35664, stack(0x00000000282a0000,0x00000000283a0000)]
  0x0000000021feb800 JavaThread "http-nio-8080-exec-6" daemon [_thread_blocked, id=32276, stack(0x00000000281a0000,0x00000000282a0000)]
  0x0000000021fea800 JavaThread "http-nio-8080-exec-5" daemon [_thread_blocked, id=11024, stack(0x00000000280a0000,0x00000000281a0000)]
  0x0000000021fea000 JavaThread "http-nio-8080-exec-4" daemon [_thread_blocked, id=27000, stack(0x0000000027fa0000,0x00000000280a0000)]
  0x0000000021fe7800 JavaThread "http-nio-8080-exec-3" daemon [_thread_blocked, id=18892, stack(0x0000000027ea0000,0x0000000027fa0000)]
  0x0000000021fe9000 JavaThread "http-nio-8080-exec-2" daemon [_thread_blocked, id=16692, stack(0x0000000027da0000,0x0000000027ea0000)]
  0x0000000021fed000 JavaThread "http-nio-8080-exec-1" daemon [_thread_blocked, id=32108, stack(0x0000000027ca0000,0x0000000027da0000)]
  0x0000000021fe7000 JavaThread "NioBlockingSelector.BlockPoller-1" daemon [_thread_in_native, id=41692, stack(0x0000000026ba0000,0x0000000026ca0000)]
  0x0000000021fe8800 JavaThread "pool-2-thread-1" [_thread_blocked, id=25372, stack(0x0000000026560000,0x0000000026660000)]
  0x00000000209c6000 JavaThread "Tomcat JDBC Pool Cleaner[1984697014:1502361976618]" daemon [_thread_blocked, id=34244, stack(0x0000000025b60000,0x0000000025c60000)]
  0x00000000235c6800 JavaThread "container-0" [_thread_blocked, id=24256, stack(0x0000000025540000,0x0000000025640000)]
  0x00000000241fe000 JavaThread "ContainerBackgroundProcessor[StandardEngine[Tomcat]]" daemon [_thread_blocked, id=35724, stack(0x0000000025440000,0x0000000025540000)]
  0x000000001f383000 JavaThread "RMI TCP Accept-0" daemon [_thread_in_native, id=37848, stack(0x000000001f9b0000,0x000000001fab0000)]
  0x000000001f37f800 JavaThread "RMI TCP Accept-49843" daemon [_thread_in_native, id=28952, stack(0x000000001f8b0000,0x000000001f9b0000)]
  0x000000001f36c000 JavaThread "RMI TCP Accept-0" daemon [_thread_in_native, id=29536, stack(0x000000001f7b0000,0x000000001f8b0000)]
  0x000000001e04c000 JavaThread "Service Thread" daemon [_thread_blocked, id=37276, stack(0x000000001eb70000,0x000000001ec70000)]
=>0x000000001dfbf000 JavaThread "C1 CompilerThread3" daemon [_thread_in_native, id=24596, stack(0x000000001ea70000,0x000000001eb70000)]
  0x000000001dfb5800 JavaThread "C2 CompilerThread2" daemon [_thread_blocked, id=16472, stack(0x000000001e970000,0x000000001ea70000)]
  0x000000001dfb4000 JavaThread "C2 CompilerThread1" daemon [_thread_blocked, id=32688, stack(0x000000001e870000,0x000000001e970000)]
  0x000000001dfb2000 JavaThread "C2 CompilerThread0" daemon [_thread_blocked, id=12752, stack(0x000000001e770000,0x000000001e870000)]
  0x000000001dfb0000 JavaThread "Attach Listener" daemon [_thread_blocked, id=30612, stack(0x000000001e670000,0x000000001e770000)]
  0x000000001dfaf000 JavaThread "Signal Dispatcher" daemon [_thread_blocked, id=29792, stack(0x000000001e570000,0x000000001e670000)]
  0x000000001dfa0800 JavaThread "Finalizer" daemon [_thread_blocked, id=28980, stack(0x000000001e380000,0x000000001e480000)]
  0x000000001c0ad800 JavaThread "Reference Handler" daemon [_thread_blocked, id=35308, stack(0x000000001de80000,0x000000001df80000)]

Other Threads:
  0x000000001c0a9800 VMThread [stack: 0x000000001dd80000,0x000000001de80000] [id=13892]
  0x000000001f389800 WatcherThread [stack: 0x000000001fab0000,0x000000001fbb0000] [id=36044]

VM state:not at safepoint (normal execution)

VM Mutex/Monitor currently owned by a thread: None

Heap:
 PSYoungGen      total 136192K, used 124072K [0x000000076b400000, 0x0000000777580000, 0x00000007c0000000)
  eden space 118272K, 93% used [0x000000076b400000,0x000000077203bc40,0x0000000772780000)
  from space 17920K, 73% used [0x0000000772780000,0x000000077346e770,0x0000000773900000)
  to   space 17920K, 0% used [0x0000000776400000,0x0000000776400000,0x0000000777580000)
 ParOldGen       total 194048K, used 21008K [0x00000006c1c00000, 0x00000006cd980000, 0x000000076b400000)
  object space 194048K, 10% used [0x00000006c1c00000,0x00000006c30843f8,0x00000006cd980000)
 Metaspace       used 49349K, capacity 49844K, committed 50304K, reserved 1093632K
  class space    used 6371K, capacity 6517K, committed 6528K, reserved 1048576K

Card table byte_map: [0x0000000011a00000,0x0000000012200000] byte_map_base: 0x000000000e3f2000

Marking Bits: (ParMarkBitMap*) 0x000000007365c720
 Begin Bits: [0x0000000012f50000, 0x0000000016ee0000)
 End Bits:   [0x0000000016ee0000, 0x000000001ae70000)

Polling page: 0x0000000000c20000

CodeCache: size=245760Kb used=14325Kb max_used=15336Kb free=231434Kb
 bounds [0x0000000002640000, 0x00000000035d0000, 0x0000000011640000]
 total_blobs=4473 nmethods=3967 adapters=417
 compilation: enabled

Compilation events (10 events):
Event: 131.733 Thread 0x000000001dfbf000 nmethod 4745 0x0000000003006990 code [0x0000000003006b00, 0x0000000003006e88]
Event: 131.733 Thread 0x000000001dfbf000 4746       3       sun.nio.ch.WindowsSelectorImpl$SubSelector::access$400 (5 bytes)
Event: 131.733 Thread 0x000000001dfbf000 nmethod 4746 0x0000000002ece210 code [0x0000000002ece380, 0x0000000002ece4e8]
Event: 132.142 Thread 0x000000001dfbf000 4747   !   3       sun.nio.ch.SelectorImpl::lockAndDoSelect (72 bytes)
Event: 132.143 Thread 0x000000001dfbf000 nmethod 4747 0x00000000028e9d90 code [0x00000000028e9f60, 0x00000000028ea958]
Event: 132.731 Thread 0x000000001dfbf000 4748       3       java.util.concurrent.atomic.AtomicLong::getAndSet (12 bytes)
Event: 132.731 Thread 0x000000001dfbf000 nmethod 4748 0x00000000028e9a10 code [0x00000000028e9b60, 0x00000000028e9cb0]
Event: 132.731 Thread 0x000000001dfbf000 4749       3       sun.misc.Unsafe::getAndSetLong (24 bytes)
Event: 132.731 Thread 0x000000001dfbf000 nmethod 4749 0x00000000029827d0 code [0x0000000002982940, 0x0000000002982b50]
Event: 133.732 Thread 0x000000001dfbf000 4751   !   3       org.apache.tomcat.util.net.NioEndpoint$Poller::timeout (493 bytes)

GC Heap History (10 events):
Event: 3.392 GC heap before
{Heap before GC invocations=5 (full 1):
 PSYoungGen      total 76288K, used 71121K [0x000000076b400000, 0x0000000772000000, 0x00000007c0000000)
  eden space 65536K, 99% used [0x000000076b400000,0x000000076f3fac80,0x000000076f400000)
  from space 10752K, 52% used [0x000000076f400000,0x000000076f9798c0,0x000000076fe80000)
  to   space 10752K, 0% used [0x0000000771580000,0x0000000771580000,0x0000000772000000)
 ParOldGen       total 114688K, used 8615K [0x00000006c1c00000, 0x00000006c8c00000, 0x000000076b400000)
  object space 114688K, 7% used [0x00000006c1c00000,0x00000006c2469dd0,0x00000006c8c00000)
 Metaspace       used 28219K, capacity 28556K, committed 28800K, reserved 1075200K
  class space    used 3499K, capacity 3623K, committed 3712K, reserved 1048576K
Event: 3.398 GC heap after
Heap after GC invocations=5 (full 1):
 PSYoungGen      total 99840K, used 10749K [0x000000076b400000, 0x0000000772180000, 0x00000007c0000000)
  eden space 89088K, 0% used [0x000000076b400000,0x000000076b400000,0x0000000770b00000)
  from space 10752K, 99% used [0x0000000771580000,0x0000000771fff6b8,0x0000000772000000)
  to   space 10752K, 0% used [0x0000000770b00000,0x0000000770b00000,0x0000000771580000)
 ParOldGen       total 114688K, used 9358K [0x00000006c1c00000, 0x00000006c8c00000, 0x000000076b400000)
  object space 114688K, 8% used [0x00000006c1c00000,0x00000006c2523840,0x00000006c8c00000)
 Metaspace       used 28219K, capacity 28556K, committed 28800K, reserved 1075200K
  class space    used 3499K, capacity 3623K, committed 3712K, reserved 1048576K
}
Event: 5.647 GC heap before
{Heap before GC invocations=6 (full 1):
 PSYoungGen      total 99840K, used 99837K [0x000000076b400000, 0x0000000772180000, 0x00000007c0000000)
  eden space 89088K, 100% used [0x000000076b400000,0x0000000770b00000,0x0000000770b00000)
  from space 10752K, 99% used [0x0000000771580000,0x0000000771fff6b8,0x0000000772000000)
  to   space 10752K, 0% used [0x0000000770b00000,0x0000000770b00000,0x0000000771580000)
 ParOldGen       total 114688K, used 9358K [0x00000006c1c00000, 0x00000006c8c00000, 0x000000076b400000)
  object space 114688K, 8% used [0x00000006c1c00000,0x00000006c2523840,0x00000006c8c00000)
 Metaspace       used 31391K, capacity 31722K, committed 32000K, reserved 1077248K
  class space    used 3901K, capacity 4012K, committed 4096K, reserved 1048576K
Event: 5.655 GC heap after
Heap after GC invocations=6 (full 1):
 PSYoungGen      total 99840K, used 10728K [0x000000076b400000, 0x0000000774900000, 0x00000007c0000000)
  eden space 89088K, 0% used [0x000000076b400000,0x000000076b400000,0x0000000770b00000)
  from space 10752K, 99% used [0x0000000770b00000,0x000000077157a3f8,0x0000000771580000)
  to   space 16384K, 0% used [0x0000000773900000,0x0000000773900000,0x0000000774900000)
 ParOldGen       total 114688K, used 13213K [0x00000006c1c00000, 0x00000006c8c00000, 0x000000076b400000)
  object space 114688K, 11% used [0x00000006c1c00000,0x00000006c28e77a8,0x00000006c8c00000)
 Metaspace       used 31391K, capacity 31722K, committed 32000K, reserved 1077248K
  class space    used 3901K, capacity 4012K, committed 4096K, reserved 1048576K
}
Event: 6.436 GC heap before
{Heap before GC invocations=7 (full 1):
 PSYoungGen      total 99840K, used 39113K [0x000000076b400000, 0x0000000774900000, 0x00000007c0000000)
  eden space 89088K, 31% used [0x000000076b400000,0x000000076cfb8228,0x0000000770b00000)
  from space 10752K, 99% used [0x0000000770b00000,0x000000077157a3f8,0x0000000771580000)
  to   space 16384K, 0% used [0x0000000773900000,0x0000000773900000,0x0000000774900000)
 ParOldGen       total 114688K, used 13213K [0x00000006c1c00000, 0x00000006c8c00000, 0x000000076b400000)
  object space 114688K, 11% used [0x00000006c1c00000,0x00000006c28e77a8,0x00000006c8c00000)
 Metaspace       used 34879K, capacity 35248K, committed 35496K, reserved 1081344K
  class space    used 4471K, capacity 4589K, committed 4608K, reserved 1048576K
Event: 6.444 GC heap after
Heap after GC invocations=7 (full 1):
 PSYoungGen      total 134656K, used 14246K [0x000000076b400000, 0x0000000774d80000, 0x00000007c0000000)
  eden space 118272K, 0% used [0x000000076b400000,0x000000076b400000,0x0000000772780000)
  from space 16384K, 86% used [0x0000000773900000,0x00000007746e9af8,0x0000000774900000)
  to   space 17920K, 0% used [0x0000000772780000,0x0000000772780000,0x0000000773900000)
 ParOldGen       total 114688K, used 13221K [0x00000006c1c00000, 0x00000006c8c00000, 0x000000076b400000)
  object space 114688K, 11% used [0x00000006c1c00000,0x00000006c28e97a8,0x00000006c8c00000)
 Metaspace       used 34879K, capacity 35248K, committed 35496K, reserved 1081344K
  class space    used 4471K, capacity 4589K, committed 4608K, reserved 1048576K
}
Event: 6.444 GC heap before
{Heap before GC invocations=8 (full 2):
 PSYoungGen      total 134656K, used 14246K [0x000000076b400000, 0x0000000774d80000, 0x00000007c0000000)
  eden space 118272K, 0% used [0x000000076b400000,0x000000076b400000,0x0000000772780000)
  from space 16384K, 86% used [0x0000000773900000,0x00000007746e9af8,0x0000000774900000)
  to   space 17920K, 0% used [0x0000000772780000,0x0000000772780000,0x0000000773900000)
 ParOldGen       total 114688K, used 13221K [0x00000006c1c00000, 0x00000006c8c00000, 0x000000076b400000)
  object space 114688K, 11% used [0x00000006c1c00000,0x00000006c28e97a8,0x00000006c8c00000)
 Metaspace       used 34879K, capacity 35248K, committed 35496K, reserved 1081344K
  class space    used 4471K, capacity 4589K, committed 4608K, reserved 1048576K
Event: 6.485 GC heap after
Heap after GC invocations=8 (full 2):
 PSYoungGen      total 134656K, used 0K [0x000000076b400000, 0x0000000774d80000, 0x00000007c0000000)
  eden space 118272K, 0% used [0x000000076b400000,0x000000076b400000,0x0000000772780000)
  from space 16384K, 0% used [0x0000000773900000,0x0000000773900000,0x0000000774900000)
  to   space 17920K, 0% used [0x0000000772780000,0x0000000772780000,0x0000000773900000)
 ParOldGen       total 194048K, used 21000K [0x00000006c1c00000, 0x00000006cd980000, 0x000000076b400000)
  object space 194048K, 10% used [0x00000006c1c00000,0x00000006c30823f8,0x00000006cd980000)
 Metaspace       used 34879K, capacity 35248K, committed 35496K, reserved 1081344K
  class space    used 4471K, capacity 4589K, committed 4608K, reserved 1048576K
}
Event: 8.961 GC heap before
{Heap before GC invocations=9 (full 2):
 PSYoungGen      total 134656K, used 118272K [0x000000076b400000, 0x0000000774d80000, 0x00000007c0000000)
  eden space 118272K, 100% used [0x000000076b400000,0x0000000772780000,0x0000000772780000)
  from space 16384K, 0% used [0x0000000773900000,0x0000000773900000,0x0000000774900000)
  to   space 17920K, 0% used [0x0000000772780000,0x0000000772780000,0x0000000773900000)
 ParOldGen       total 194048K, used 21000K [0x00000006c1c00000, 0x00000006cd980000, 0x000000076b400000)
  object space 194048K, 10% used [0x00000006c1c00000,0x00000006c30823f8,0x00000006cd980000)
 Metaspace       used 43691K, capacity 44116K, committed 44544K, reserved 1087488K
  class space    used 5680K, capacity 5795K, committed 5888K, reserved 1048576K
Event: 8.972 GC heap after
Heap after GC invocations=9 (full 2):
 PSYoungGen      total 136192K, used 13241K [0x000000076b400000, 0x0000000777580000, 0x00000007c0000000)
  eden space 118272K, 0% used [0x000000076b400000,0x000000076b400000,0x0000000772780000)
  from space 17920K, 73% used [0x0000000772780000,0x000000077346e770,0x0000000773900000)
  to   space 17920K, 0% used [0x0000000776400000,0x0000000776400000,0x0000000777580000)
 ParOldGen       total 194048K, used 21008K [0x00000006c1c00000, 0x00000006cd980000, 0x000000076b400000)
  object space 194048K, 10% used [0x00000006c1c00000,0x00000006c30843f8,0x00000006cd980000)
 Metaspace       used 43691K, capacity 44116K, committed 44544K, reserved 1087488K
  class space    used 5680K, capacity 5795K, committed 5888K, reserved 1048576K
}

Deoptimization events (10 events):
Event: 48.533 Thread 0x0000000021fed000 Uncommon trap: reason=predicate action=maybe_recompile pc=0x0000000002d898a8 method=org.springframework.util.AntPathMatcher.skipSegment(Ljava/lang/String;ILjava/lang/String;)I @ 15
Event: 48.535 Thread 0x0000000021fed000 Uncommon trap: reason=class_check action=maybe_recompile pc=0x0000000002fc8598 method=java.util.AbstractList$Itr.hasNext()Z @ 8
Event: 48.535 Thread 0x0000000021fed000 Uncommon trap: reason=class_check action=maybe_recompile pc=0x0000000002fff618 method=java.util.AbstractList$Itr.next()Ljava/lang/Object; @ 14
Event: 73.737 Thread 0x0000000021fea000 Uncommon trap: reason=predicate action=maybe_recompile pc=0x00000000032ad430 method=java.util.StringTokenizer.skipDelimiters(I)I @ 17
Event: 73.737 Thread 0x0000000021fea000 Uncommon trap: reason=unstable_if action=reinterpret pc=0x0000000002d793a4 method=java.util.StringTokenizer.scanToken(I)I @ 96
Event: 73.773 Thread 0x0000000021fea000 Uncommon trap: reason=bimorphic action=maybe_recompile pc=0x0000000002827c30 method=java.util.Hashtable.get(Ljava/lang/Object;)Ljava/lang/Object; @ 45
Event: 73.775 Thread 0x0000000021fea000 Uncommon trap: reason=bimorphic action=maybe_recompile pc=0x0000000002827c30 method=java.util.Hashtable.get(Ljava/lang/Object;)Ljava/lang/Object; @ 45
Event: 73.776 Thread 0x0000000021fea000 Uncommon trap: reason=unstable_if action=reinterpret pc=0x000000000278cd40 method=java.lang.CharacterData.of(I)Ljava/lang/CharacterData; @ 4
Event: 73.843 Thread 0x0000000021fea000 Uncommon trap: reason=unstable_if action=reinterpret pc=0x0000000002c97964 method=java.lang.String.indexOf([CII[CIII)I @ 27
Event: 73.843 Thread 0x0000000021fea000 Uncommon trap: reason=unstable_if action=reinterpret pc=0x0000000002a253f8 method=java.lang.String.indexOf([CII[CIII)I @ 27

Internal exceptions (10 events):
Event: 48.478 Thread 0x0000000021fed000 Exception <a 'java/lang/ClassNotFoundException': org/springframework/web/servlet/ThemeResolverCustomizer> (0x00000007705a9638) thrown at [C:\re\workspace\8-2-build-windows-amd64-cygwin\jdk8u131\8869\hotspot\src\share\vm\classfile\systemDictionary.cpp, lin
Event: 48.482 Thread 0x0000000021fed000 Exception <a 'java/lang/ClassNotFoundException': java/lang/ObjectCustomizer> (0x00000007705cb358) thrown at [C:\re\workspace\8-2-build-windows-amd64-cygwin\jdk8u131\8869\hotspot\src\share\vm\classfile\systemDictionary.cpp, line 210]
Event: 48.486 Thread 0x0000000021fed000 Exception <a 'java/lang/ClassNotFoundException': org/springframework/web/servlet/view/DefaultRequestToViewNameTranslatorCustomizer> (0x00000007705e46a0) thrown at [C:\re\workspace\8-2-build-windows-amd64-cygwin\jdk8u131\8869\hotspot\src\share\vm\classfile
Event: 48.490 Thread 0x0000000021fed000 Exception <a 'java/lang/ClassNotFoundException': org/springframework/web/servlet/RequestToViewNameTranslatorCustomizer> (0x0000000770609af0) thrown at [C:\re\workspace\8-2-build-windows-amd64-cygwin\jdk8u131\8869\hotspot\src\share\vm\classfile\systemDicti
Event: 48.494 Thread 0x0000000021fed000 Exception <a 'java/lang/ClassNotFoundException': java/lang/ObjectCustomizer> (0x000000077063f988) thrown at [C:\re\workspace\8-2-build-windows-amd64-cygwin\jdk8u131\8869\hotspot\src\share\vm\classfile\systemDictionary.cpp, line 210]
Event: 48.498 Thread 0x0000000021fed000 Exception <a 'java/lang/ClassNotFoundException': org/springframework/web/servlet/support/AbstractFlashMapManagerCustomizer> (0x0000000770657610) thrown at [C:\re\workspace\8-2-build-windows-amd64-cygwin\jdk8u131\8869\hotspot\src\share\vm\classfile\systemD
Event: 48.502 Thread 0x0000000021fed000 Exception <a 'java/lang/ClassNotFoundException': org/springframework/web/servlet/support/SessionFlashMapManagerCustomizer> (0x0000000770673138) thrown at [C:\re\workspace\8-2-build-windows-amd64-cygwin\jdk8u131\8869\hotspot\src\share\vm\classfile\systemDi
Event: 48.506 Thread 0x0000000021fed000 Exception <a 'java/lang/ClassNotFoundException': org/springframework/web/servlet/FlashMapManagerCustomizer> (0x0000000770687530) thrown at [C:\re\workspace\8-2-build-windows-amd64-cygwin\jdk8u131\8869\hotspot\src\share\vm\classfile\systemDictionary.cpp, l
Event: 48.693 Thread 0x0000000021fe9000 Exception <a 'java/io/FileNotFoundException'> (0x0000000770de6550) thrown at [C:\re\workspace\8-2-build-windows-amd64-cygwin\jdk8u131\8869\hotspot\src\share\vm\prims\jni.cpp, line 709]
Event: 48.693 Thread 0x0000000021fe9000 Exception <a 'java/io/FileNotFoundException'> (0x0000000770de7190) thrown at [C:\re\workspace\8-2-build-windows-amd64-cygwin\jdk8u131\8869\hotspot\src\share\vm\prims\jni.cpp, line 709]

Events (10 events):
Event: 79.117 Thread 0x000000001dfbf000 flushing nmethod 0x0000000002b35650
Event: 79.118 Thread 0x000000001dfbf000 flushing nmethod 0x0000000002bbf4d0
Event: 79.118 Thread 0x000000001dfbf000 flushing nmethod 0x0000000002bd6810
Event: 89.122 Thread 0x000000001dfbf000 flushing nmethod 0x0000000002d89490
Event: 90.122 Thread 0x000000001dfbf000 flushing nmethod 0x0000000002ece210
Event: 90.122 Thread 0x000000001dfbf000 flushing nmethod 0x0000000002fc83d0
Event: 90.123 Thread 0x000000001dfbf000 flushing nmethod 0x0000000002ff6e10
Event: 90.123 Thread 0x000000001dfbf000 flushing nmethod 0x0000000002fff410
Event: 90.123 Thread 0x000000001dfbf000 flushing nmethod 0x00000000030063d0
Event: 116.135 Thread 0x000000001dfbf000 flushing nmethod 0x000000000328b850


Dynamic libraries:
0x00007ff77a210000 - 0x00007ff77a247000 	C:\Program Files\Java\jdk1.8.0_131\bin\javaw.exe
0x00007ffa168a0000 - 0x00007ffa16a71000 	C:\Windows\SYSTEM32\ntdll.dll
0x00007ffa155c0000 - 0x00007ffa1566c000 	C:\Windows\System32\KERNEL32.DLL
0x00007ffa138f0000 - 0x00007ffa13b0d000 	C:\Windows\System32\KERNELBASE.dll
0x00007ffa16650000 - 0x00007ffa166f2000 	C:\Windows\System32\ADVAPI32.dll
0x00007ffa165b0000 - 0x00007ffa1664e000 	C:\Windows\System32\msvcrt.dll
0x00007ffa15940000 - 0x00007ffa15999000 	C:\Windows\System32\sechost.dll
0x00007ffa159a0000 - 0x00007ffa15ac1000 	C:\Windows\System32\RPCRT4.dll
0x00007ffa15420000 - 0x00007ffa15585000 	C:\Windows\System32\USER32.dll
0x00007ffa12df0000 - 0x00007ffa12e0e000 	C:\Windows\System32\win32u.dll
0x00007ffa15af0000 - 0x00007ffa15b24000 	C:\Windows\System32\GDI32.dll
0x00007ffa13cb0000 - 0x00007ffa13e30000 	C:\Windows\System32\gdi32full.dll
0x00007ffa08220000 - 0x00007ffa0849a000 	C:\Windows\WinSxS\amd64_microsoft.windows.common-controls_6595b64144ccf1df_6.0.14393.953_none_42151e83c686086b\COMCTL32.dll
0x00007ffa15670000 - 0x00007ffa15938000 	C:\Windows\System32\combase.dll
0x00007ffa13bb0000 - 0x00007ffa13ca5000 	C:\Windows\System32\ucrtbase.dll
0x00007ffa12fd0000 - 0x00007ffa1303a000 	C:\Windows\System32\bcryptPrimitives.dll
0x00007ffa15590000 - 0x00007ffa155be000 	C:\Windows\System32\IMM32.DLL
0x00007ff9f2320000 - 0x00007ff9f23c7000 	C:\Program Files\McAfee\Host Intrusion Prevention\HcApi.dll
0x00000000744f0000 - 0x00000000744fc000 	C:\Program Files\McAfee\Host Intrusion Prevention\HcThe.dll
0x00000000754c0000 - 0x0000000075592000 	C:\Program Files\Java\jdk1.8.0_131\jre\bin\msvcr100.dll
0x0000000072e40000 - 0x00000000736dc000 	C:\Program Files\Java\jdk1.8.0_131\jre\bin\server\jvm.dll
0x00007ffa13e30000 - 0x00007ffa13e38000 	C:\Windows\System32\PSAPI.DLL
0x00007ffa0e1c0000 - 0x00007ffa0e1c9000 	C:\Windows\SYSTEM32\WSOCK32.dll
0x00007ffa11210000 - 0x00007ffa11233000 	C:\Windows\SYSTEM32\WINMM.dll
0x00007ffa0f7e0000 - 0x00007ffa0f7ea000 	C:\Windows\SYSTEM32\VERSION.dll
0x00007ffa16430000 - 0x00007ffa1649a000 	C:\Windows\System32\WS2_32.dll
0x0000000002360000 - 0x000000000238b000 	C:\Windows\SYSTEM32\WINMMBASE.dll
0x00007ffa12da0000 - 0x00007ffa12de2000 	C:\Windows\System32\cfgmgr32.dll
0x00000000754b0000 - 0x00000000754bf000 	C:\Program Files\Java\jdk1.8.0_131\jre\bin\verify.dll
0x0000000075480000 - 0x00000000754a9000 	C:\Program Files\Java\jdk1.8.0_131\jre\bin\java.dll
0x0000000075460000 - 0x0000000075476000 	C:\Program Files\Java\jdk1.8.0_131\jre\bin\zip.dll
0x00007ffa13e40000 - 0x00007ffa15348000 	C:\Windows\System32\SHELL32.dll
0x00007ffa13210000 - 0x00007ffa138ea000 	C:\Windows\System32\windows.storage.dll
0x00007ffa12d40000 - 0x00007ffa12d8c000 	C:\Windows\System32\powrprof.dll
0x00007ffa153c0000 - 0x00007ffa15412000 	C:\Windows\System32\shlwapi.dll
0x00007ffa12d90000 - 0x00007ffa12d9f000 	C:\Windows\System32\kernel.appcore.dll
0x00007ffa12f20000 - 0x00007ffa12fc9000 	C:\Windows\System32\shcore.dll
0x00007ffa12d20000 - 0x00007ffa12d34000 	C:\Windows\System32\profapi.dll
0x00000000745b0000 - 0x00000000745bd000 	C:\Program Files\Java\jdk1.8.0_131\jre\bin\management.dll
0x0000000075440000 - 0x000000007545a000 	C:\Program Files\Java\jdk1.8.0_131\jre\bin\net.dll
0x00007ffa125e0000 - 0x00007ffa1263c000 	C:\Windows\system32\mswsock.dll
0x0000000075420000 - 0x0000000075431000 	C:\Program Files\Java\jdk1.8.0_131\jre\bin\nio.dll
0x00007ff9ff420000 - 0x00007ff9ff436000 	C:\Windows\system32\napinsp.dll
0x00007ff9ff2f0000 - 0x00007ff9ff30a000 	C:\Windows\system32\pnrpnsp.dll
0x00007ffa10a20000 - 0x00007ffa10a38000 	C:\Windows\system32\NLAapi.dll
0x00007ffa123a0000 - 0x00007ffa12441000 	C:\Windows\SYSTEM32\DNSAPI.dll
0x00007ffa16320000 - 0x00007ffa16328000 	C:\Windows\System32\NSI.dll
0x00007ffa12360000 - 0x00007ffa12398000 	C:\Windows\SYSTEM32\IPHLPAPI.DLL
0x00007ffa01420000 - 0x00007ffa0142e000 	C:\Windows\System32\winrnr.dll
0x00007ff9fe5b0000 - 0x00007ff9fe5c5000 	C:\Windows\System32\wshbth.dll
0x00007ffa04300000 - 0x00007ffa0430a000 	C:\Windows\System32\rasadhlp.dll
0x00007ffa0dc60000 - 0x00007ffa0dcca000 	C:\Windows\System32\fwpuclnt.dll
0x00007ffa12c50000 - 0x00007ffa12c7b000 	C:\Windows\SYSTEM32\bcrypt.dll
0x00007ffa12780000 - 0x00007ffa12797000 	C:\Windows\SYSTEM32\CRYPTSP.dll
0x00007ffa121f0000 - 0x00007ffa12223000 	C:\Windows\system32\rsaenh.dll
0x00007ffa12460000 - 0x00007ffa1247f000 	C:\Windows\SYSTEM32\USERENV.dll
0x00007ffa12c40000 - 0x00007ffa12c4b000 	C:\Windows\SYSTEM32\CRYPTBASE.dll
0x00007ffa0db40000 - 0x00007ffa0db56000 	C:\Windows\SYSTEM32\dhcpcsvc6.DLL
0x00007ffa0d6f0000 - 0x00007ffa0d70a000 	C:\Windows\SYSTEM32\dhcpcsvc.DLL

VM Arguments:
jvm_args: -Dcom.sun.management.jmxremote -Dcom.sun.management.jmxremote.port=49843 -Dcom.sun.management.jmxremote.authenticate=false -Dcom.sun.management.jmxremote.ssl=false -Djava.rmi.server.hostname=localhost -Dspring.liveBeansView.mbeanDomain -Dspring.application.admin.enabled=true -Dfile.encoding=UTF-8 
java_command: com.ge.cab.CabDemoApplication --spring.output.ansi.enabled=always
java_class_path (initial): C:\Users\212612730\Documents\GitHub\Cab-Booking-Portal\services\target\classes;C:\Users\212612730\.m2\repository\org\springframework\boot\spring-boot-starter-data-jpa\1.5.4.RELEASE\spring-boot-starter-data-jpa-1.5.4.RELEASE.jar;C:\Users\212612730\.m2\repository\org\springframework\boot\spring-boot-starter\1.5.4.RELEASE\spring-boot-starter-1.5.4.RELEASE.jar;C:\Users\212612730\.m2\repository\org\springframework\boot\spring-boot\1.5.4.RELEASE\spring-boot-1.5.4.RELEASE.jar;C:\Users\212612730\.m2\repository\org\springframework\boot\spring-boot-autoconfigure\1.5.4.RELEASE\spring-boot-autoconfigure-1.5.4.RELEASE.jar;C:\Users\212612730\.m2\repository\org\springframework\boot\spring-boot-starter-logging\1.5.4.RELEASE\spring-boot-starter-logging-1.5.4.RELEASE.jar;C:\Users\212612730\.m2\repository\ch\qos\logback\logback-classic\1.1.11\logback-classic-1.1.11.jar;C:\Users\212612730\.m2\repository\ch\qos\logback\logback-core\1.1.11\logback-core-1.1.11.jar;C:\Users\212612730\.m2\repository\org\slf4j\jul-to-slf4j\1.7.25\jul-to-slf4j-1.7.25.jar;C:\Users\212612730\.m2\repository\org\slf4j\log4j-over-slf4j\1.7.25\log4j-over-slf4j-1.7.25.jar;C:\Users\212612730\.m2\repository\org\springframework\spring-core\4.3.9.RELEASE\spring-core-4.3.9.RELEASE.jar;C:\Users\212612730\.m2\repository\org\yaml\snakeyaml\1.17\snakeyaml-1.17.jar;C:\Users\212612730\.m2\repository\org\springframework\boot\spring-boot-starter-aop\1.5.4.RELEASE\spring-boot-starter-aop-1.5.4.RELEASE.jar;C:\Users\212612730\.m2\repository\org\springframework\spring-aop\4.3.9.RELEASE\spring-aop-4.3.9.RELEASE.jar;C:\Users\212612730\.m2\repository\org\aspectj\aspectjweaver\1.8.10\aspectjweaver-1.8.10.jar;C:\Users\212612730\.m2\repository\org\springframework\boot\spring-boot-starter-jdbc\1.5.4.RELEASE\spring-boot-starter-jdbc-1.5.4.RELEASE.jar;C:\Users\212612730\.m2\repository\org\apache\tomcat\tomcat-jdbc\8.5.15\tomcat-jdbc-8.5.15.jar;C:\Users\212612730\.m2\repository\org\apache\tomcat\tomcat-juli\8.5.15
Launcher Type: SUN_STANDARD

Environment Variables:
JAVA_HOME=C:\Program Files\Java\jdk1.8.0_131
PATH=C:/Program Files/Java/jre1.8.0_131/bin/server;C:/Program Files/Java/jre1.8.0_131/bin;C:/Program Files/Java/jre1.8.0_131/lib/amd64;C:\ProgramData\Oracle\Java\javapath;C:\Windows\system32;C:\Windows;C:\Windows\System32\Wbem;C:\Windows\System32\WindowsPowerShell\v1.0\;C:\Program Files (x86)\Sennheiser\SoftphoneSDK\;C:\Program Files (x86)\Java\jdk1.8.0_131\bin;C:\Program Files (x86)\Java\jre1.8.0_131\bin;C:\Program Files\nodejs\;C:\Program Files\Java\jdk1.8.0_131\bin;C:\Program Files\apache-maven-3.5.0\bin;C:\Program Files\Git\cmd;C:\Program Files\TortoiseGit\bin;C:\Program Files\Cloud Foundry;C:\Users\212612730\AppData\Roaming\npm;C:\Program Files\Android\Android Studio\gradle\gradle-3.2\bin;C:\Program Files\Java\jdk1.8.0_131/bin;C:\ProgramData\Oracle\Java\javapath;C:\Windows\system32;C:\Windows;C:\Windows\System32\Wbem;C:\Windows\System32\WindowsPowerShell\v1.0\;C:\Program Files (x86)\Sennheiser\SoftphoneSDK\;C:\Program Files (x86)\Java\jdk1.8.0_131\bin;C:\Program Files (x86)\Java\jre1.8.0_131\bin;C:\Program Files\nodejs\;C:\Program Files\Java\jdk1.8.0_131\bin;C:\Program Files\apache-maven-3.5.0\bin;C:\Program Files\Git\cmd;C:\Program Files\TortoiseGit\bin;C:\Program Files\Cloud Foundry;C:\Users\212612730\AppData\Roaming\npm;C:\ProgramData\Oracle\Java\javapath;C:\Windows\system32;C:\Windows;C:\Windows\System32\Wbem;C:\Windows\System32\WindowsPowerShell\v1.0\;C:\Program Files (x86)\Sennheiser\SoftphoneSDK\;C:\Program Files (x86)\Java\jdk1.8.0_131\bin;C:\Program Files (x86)\Java\jre1.8.0_131\bin;C:\Program Files\nodejs\;C:\Program Files\Java\jdk1.8.0_131\bin;C:\Program Files\apache-maven-3.5.0\bin;C:\Program Files\Git\cmd;C:\Program Files\TortoiseGit\bin;C:\Program Files\Cloud Foundry;C:\Users\212612730\AppData\Roaming\npm;C:\MinGW\bin;C:\Program Files\Android\Android Studio\gradle\gradle-3.2\bin;C:\Program Files\Java\jdk1.8.0_131/bin;C:\Users\212612730\Documents\sts-bundle\sts-3.8.4.RELEASE;
USERNAME=212612730
OS=Windows_NT
PROCESSOR_IDENTIFIER=Intel64 Family 6 Model 94 Stepping 3, GenuineIntel



---------------  S Y S T E M  ---------------

OS: Windows 10.0 , 64 bit Build 14393 (10.0.14393.1198)

CPU:total 8 (initial active 8) (4 cores per cpu, 2 threads per core) family 6 model 94 stepping 3, cmov, cx8, fxsr, mmx, sse, sse2, sse3, ssse3, sse4.1, sse4.2, popcnt, avx, avx2, aes, clmul, erms, rtm, 3dnowpref, lzcnt, ht, tsc, tscinvbit, bmi1, bmi2, adx

Memory: 4k page, physical 16661648k(4566712k free), swap 20854928k(6176k free)

vm_info: Java HotSpot(TM) 64-Bit Server VM (25.131-b11) for windows-amd64 JRE (1.8.0_131-b11), built on Mar 15 2017 01:23:53 by "java_re" with MS VC++ 10.0 (VS2010)

time: Thu Aug 10 16:18:26 2017
elapsed time: 133 seconds (0d 0h 2m 13s)

